<?xml version="1.0" encoding="UTF-8"?>
<!-- Generated by org.testng.reporters.JUnitReportReporter -->
<testsuite hostname="BMT-LAP-71" failures="0" tests="2" name="testRunner.TestRunner" time="76.095" errors="0" timestamp="22 Jun 2021 20:31:34 GMT" skipped="0">
  <testcase classname="testRunner.TestRunner" name="runScenario" time="30.181"/>
  <testcase classname="testRunner.TestRunner" name="runScenario" time="45.914"/>
</testsuite> <!-- testRunner.TestRunner -->
