<?xml version="1.0" encoding="UTF-8"?>
<testsuite xmlns:xsi="http://www.w3.org/2001/XMLSchema-instance" xsi:noNamespaceSchemaLocation="https://maven.apache.org/surefire/maven-surefire-plugin/xsd/surefire-test-report-3.0.xsd" version="3.0" name="TestSuite" time="77.16" tests="2" errors="0" skipped="0" failures="0">
  <properties>
    <property name="java.specification.version" value="15"/>
    <property name="webdriver.chrome.driver" value="C:\Users\AnupamSingh\eclipse-workspace\CucumberJava/src/test/resources/drivers/chromedriver.exe"/>
    <property name="sun.cpu.isalist" value="amd64"/>
    <property name="sun.jnu.encoding" value="Cp1252"/>
    <property name="java.class.path" value="C:\Users\AnupamSingh\eclipse-workspace\CucumberJava\target\test-classes;C:\Users\AnupamSingh\eclipse-workspace\CucumberJava\target\classes;C:\Users\AnupamSingh\.m2\repository\io\qameta\allure\allure-cucumber4-jvm\2.13.3\allure-cucumber4-jvm-2.13.3.jar;C:\Users\AnupamSingh\.m2\repository\io\qameta\allure\allure-java-commons\2.13.3\allure-java-commons-2.13.3.jar;C:\Users\AnupamSingh\.m2\repository\io\qameta\allure\allure-model\2.13.3\allure-model-2.13.3.jar;C:\Users\AnupamSingh\.m2\repository\org\slf4j\slf4j-api\1.7.30\slf4j-api-1.7.30.jar;C:\Users\AnupamSingh\.m2\repository\com\fasterxml\jackson\core\jackson-databind\2.9.8\jackson-databind-2.9.8.jar;C:\Users\AnupamSingh\.m2\repository\com\fasterxml\jackson\core\jackson-annotations\2.9.0\jackson-annotations-2.9.0.jar;C:\Users\AnupamSingh\.m2\repository\com\fasterxml\jackson\core\jackson-core\2.9.8\jackson-core-2.9.8.jar;C:\Users\AnupamSingh\.m2\repository\org\apache\tika\tika-core\1.20\tika-core-1.20.jar;C:\Users\AnupamSingh\.m2\repository\org\jooq\joor-java-8\0.9.10\joor-java-8-0.9.10.jar;C:\Users\AnupamSingh\.m2\repository\io\cucumber\cucumber-core\4.7.2\cucumber-core-4.7.2.jar;C:\Users\AnupamSingh\.m2\repository\io\cucumber\gherkin\5.1.0\gherkin-5.1.0.jar;C:\Users\AnupamSingh\.m2\repository\io\cucumber\tag-expressions\1.1.1\tag-expressions-1.1.1.jar;C:\Users\AnupamSingh\.m2\repository\io\cucumber\cucumber-expressions\7.0.2\cucumber-expressions-7.0.2.jar;C:\Users\AnupamSingh\.m2\repository\io\cucumber\datatable\1.1.14\datatable-1.1.14.jar;C:\Users\AnupamSingh\.m2\repository\io\cucumber\datatable-dependencies\1.1.14\datatable-dependencies-1.1.14.jar;C:\Users\AnupamSingh\.m2\repository\io\cucumber\cucumber-junit\4.8.1\cucumber-junit-4.8.1.jar;C:\Users\AnupamSingh\.m2\repository\org\apiguardian\apiguardian-api\1.1.0\apiguardian-api-1.1.0.jar;C:\Users\AnupamSingh\.m2\repository\junit\junit\4.13\junit-4.13.jar;C:\Users\AnupamSingh\.m2\repository\org\hamcrest\hamcrest-core\1.3\hamcrest-core-1.3.jar;C:\Users\AnupamSingh\.m2\repository\io\cucumber\cucumber-java\4.8.1\cucumber-java-4.8.1.jar;C:\Users\AnupamSingh\.m2\repository\io\cucumber\cucumber-testng\4.8.1\cucumber-testng-4.8.1.jar;C:\Users\AnupamSingh\.m2\repository\org\testng\testng\6.14.3\testng-6.14.3.jar;C:\Users\AnupamSingh\.m2\repository\com\beust\jcommander\1.72\jcommander-1.72.jar;C:\Users\AnupamSingh\.m2\repository\org\apache-extras\beanshell\bsh\2.0b6\bsh-2.0b6.jar;C:\Users\AnupamSingh\.m2\repository\org\seleniumhq\selenium\selenium-java\3.141.59\selenium-java-3.141.59.jar;C:\Users\AnupamSingh\.m2\repository\org\seleniumhq\selenium\selenium-api\3.141.59\selenium-api-3.141.59.jar;C:\Users\AnupamSingh\.m2\repository\org\seleniumhq\selenium\selenium-edge-driver\3.141.59\selenium-edge-driver-3.141.59.jar;C:\Users\AnupamSingh\.m2\repository\org\seleniumhq\selenium\selenium-firefox-driver\3.141.59\selenium-firefox-driver-3.141.59.jar;C:\Users\AnupamSingh\.m2\repository\org\seleniumhq\selenium\selenium-ie-driver\3.141.59\selenium-ie-driver-3.141.59.jar;C:\Users\AnupamSingh\.m2\repository\org\seleniumhq\selenium\selenium-opera-driver\3.141.59\selenium-opera-driver-3.141.59.jar;C:\Users\AnupamSingh\.m2\repository\org\seleniumhq\selenium\selenium-remote-driver\3.141.59\selenium-remote-driver-3.141.59.jar;C:\Users\AnupamSingh\.m2\repository\org\seleniumhq\selenium\selenium-safari-driver\3.141.59\selenium-safari-driver-3.141.59.jar;C:\Users\AnupamSingh\.m2\repository\org\seleniumhq\selenium\selenium-support\3.141.59\selenium-support-3.141.59.jar;C:\Users\AnupamSingh\.m2\repository\net\bytebuddy\byte-buddy\1.8.15\byte-buddy-1.8.15.jar;C:\Users\AnupamSingh\.m2\repository\org\apache\commons\commons-exec\1.3\commons-exec-1.3.jar;C:\Users\AnupamSingh\.m2\repository\com\google\guava\guava\25.0-jre\guava-25.0-jre.jar;C:\Users\AnupamSingh\.m2\repository\com\google\code\findbugs\jsr305\1.3.9\jsr305-1.3.9.jar;C:\Users\AnupamSingh\.m2\repository\org\checkerframework\checker-compat-qual\2.0.0\checker-compat-qual-2.0.0.jar;C:\Users\AnupamSingh\.m2\repository\com\google\errorprone\error_prone_annotations\2.1.3\error_prone_annotations-2.1.3.jar;C:\Users\AnupamSingh\.m2\repository\com\google\j2objc\j2objc-annotations\1.1\j2objc-annotations-1.1.jar;C:\Users\AnupamSingh\.m2\repository\org\codehaus\mojo\animal-sniffer-annotations\1.14\animal-sniffer-annotations-1.14.jar;C:\Users\AnupamSingh\.m2\repository\com\squareup\okhttp3\okhttp\3.11.0\okhttp-3.11.0.jar;C:\Users\AnupamSingh\.m2\repository\com\squareup\okio\okio\1.14.0\okio-1.14.0.jar;C:\Users\AnupamSingh\.m2\repository\org\seleniumhq\selenium\selenium-chrome-driver\3.141.59\selenium-chrome-driver-3.141.59.jar;C:\Users\AnupamSingh\.m2\repository\org\apache\logging\log4j\log4j-api\2.11.0\log4j-api-2.11.0.jar;C:\Users\AnupamSingh\.m2\repository\org\apache\logging\log4j\log4j-core\2.11.0\log4j-core-2.11.0.jar;"/>
    <property name="java.vm.vendor" value="Oracle Corporation"/>
    <property name="sun.arch.data.model" value="64"/>
    <property name="user.variant" value=""/>
    <property name="java.vendor.url" value="https://java.oracle.com/"/>
    <property name="user.timezone" value="Asia/Calcutta"/>
    <property name="os.name" value="Windows 10"/>
    <property name="java.vm.specification.version" value="15"/>
    <property name="sun.java.launcher" value="SUN_STANDARD"/>
    <property name="user.country" value="US"/>
    <property name="sun.boot.library.path" value="C:\Users\AnupamSingh\.p2\pool\plugins\org.eclipse.justj.openjdk.hotspot.jre.full.win32.x86_64_15.0.2.v20210201-0955\jre\bin"/>
    <property name="sun.java.command" value="C:\Users\AnupamSingh\AppData\Local\Temp\surefire6786073521745949518\surefirebooter16892031909207686491.jar C:\Users\AnupamSingh\AppData\Local\Temp\surefire6786073521745949518 2021-06-23T02-00-15_831-jvmRun1 surefire7564164512488672044tmp surefire_05535527373091059933tmp"/>
    <property name="jdk.debug" value="release"/>
    <property name="surefire.test.class.path" value="C:\Users\AnupamSingh\eclipse-workspace\CucumberJava\target\test-classes;C:\Users\AnupamSingh\eclipse-workspace\CucumberJava\target\classes;C:\Users\AnupamSingh\.m2\repository\io\qameta\allure\allure-cucumber4-jvm\2.13.3\allure-cucumber4-jvm-2.13.3.jar;C:\Users\AnupamSingh\.m2\repository\io\qameta\allure\allure-java-commons\2.13.3\allure-java-commons-2.13.3.jar;C:\Users\AnupamSingh\.m2\repository\io\qameta\allure\allure-model\2.13.3\allure-model-2.13.3.jar;C:\Users\AnupamSingh\.m2\repository\org\slf4j\slf4j-api\1.7.30\slf4j-api-1.7.30.jar;C:\Users\AnupamSingh\.m2\repository\com\fasterxml\jackson\core\jackson-databind\2.9.8\jackson-databind-2.9.8.jar;C:\Users\AnupamSingh\.m2\repository\com\fasterxml\jackson\core\jackson-annotations\2.9.0\jackson-annotations-2.9.0.jar;C:\Users\AnupamSingh\.m2\repository\com\fasterxml\jackson\core\jackson-core\2.9.8\jackson-core-2.9.8.jar;C:\Users\AnupamSingh\.m2\repository\org\apache\tika\tika-core\1.20\tika-core-1.20.jar;C:\Users\AnupamSingh\.m2\repository\org\jooq\joor-java-8\0.9.10\joor-java-8-0.9.10.jar;C:\Users\AnupamSingh\.m2\repository\io\cucumber\cucumber-core\4.7.2\cucumber-core-4.7.2.jar;C:\Users\AnupamSingh\.m2\repository\io\cucumber\gherkin\5.1.0\gherkin-5.1.0.jar;C:\Users\AnupamSingh\.m2\repository\io\cucumber\tag-expressions\1.1.1\tag-expressions-1.1.1.jar;C:\Users\AnupamSingh\.m2\repository\io\cucumber\cucumber-expressions\7.0.2\cucumber-expressions-7.0.2.jar;C:\Users\AnupamSingh\.m2\repository\io\cucumber\datatable\1.1.14\datatable-1.1.14.jar;C:\Users\AnupamSingh\.m2\repository\io\cucumber\datatable-dependencies\1.1.14\datatable-dependencies-1.1.14.jar;C:\Users\AnupamSingh\.m2\repository\io\cucumber\cucumber-junit\4.8.1\cucumber-junit-4.8.1.jar;C:\Users\AnupamSingh\.m2\repository\org\apiguardian\apiguardian-api\1.1.0\apiguardian-api-1.1.0.jar;C:\Users\AnupamSingh\.m2\repository\junit\junit\4.13\junit-4.13.jar;C:\Users\AnupamSingh\.m2\repository\org\hamcrest\hamcrest-core\1.3\hamcrest-core-1.3.jar;C:\Users\AnupamSingh\.m2\repository\io\cucumber\cucumber-java\4.8.1\cucumber-java-4.8.1.jar;C:\Users\AnupamSingh\.m2\repository\io\cucumber\cucumber-testng\4.8.1\cucumber-testng-4.8.1.jar;C:\Users\AnupamSingh\.m2\repository\org\testng\testng\6.14.3\testng-6.14.3.jar;C:\Users\AnupamSingh\.m2\repository\com\beust\jcommander\1.72\jcommander-1.72.jar;C:\Users\AnupamSingh\.m2\repository\org\apache-extras\beanshell\bsh\2.0b6\bsh-2.0b6.jar;C:\Users\AnupamSingh\.m2\repository\org\seleniumhq\selenium\selenium-java\3.141.59\selenium-java-3.141.59.jar;C:\Users\AnupamSingh\.m2\repository\org\seleniumhq\selenium\selenium-api\3.141.59\selenium-api-3.141.59.jar;C:\Users\AnupamSingh\.m2\repository\org\seleniumhq\selenium\selenium-edge-driver\3.141.59\selenium-edge-driver-3.141.59.jar;C:\Users\AnupamSingh\.m2\repository\org\seleniumhq\selenium\selenium-firefox-driver\3.141.59\selenium-firefox-driver-3.141.59.jar;C:\Users\AnupamSingh\.m2\repository\org\seleniumhq\selenium\selenium-ie-driver\3.141.59\selenium-ie-driver-3.141.59.jar;C:\Users\AnupamSingh\.m2\repository\org\seleniumhq\selenium\selenium-opera-driver\3.141.59\selenium-opera-driver-3.141.59.jar;C:\Users\AnupamSingh\.m2\repository\org\seleniumhq\selenium\selenium-remote-driver\3.141.59\selenium-remote-driver-3.141.59.jar;C:\Users\AnupamSingh\.m2\repository\org\seleniumhq\selenium\selenium-safari-driver\3.141.59\selenium-safari-driver-3.141.59.jar;C:\Users\AnupamSingh\.m2\repository\org\seleniumhq\selenium\selenium-support\3.141.59\selenium-support-3.141.59.jar;C:\Users\AnupamSingh\.m2\repository\net\bytebuddy\byte-buddy\1.8.15\byte-buddy-1.8.15.jar;C:\Users\AnupamSingh\.m2\repository\org\apache\commons\commons-exec\1.3\commons-exec-1.3.jar;C:\Users\AnupamSingh\.m2\repository\com\google\guava\guava\25.0-jre\guava-25.0-jre.jar;C:\Users\AnupamSingh\.m2\repository\com\google\code\findbugs\jsr305\1.3.9\jsr305-1.3.9.jar;C:\Users\AnupamSingh\.m2\repository\org\checkerframework\checker-compat-qual\2.0.0\checker-compat-qual-2.0.0.jar;C:\Users\AnupamSingh\.m2\repository\com\google\errorprone\error_prone_annotations\2.1.3\error_prone_annotations-2.1.3.jar;C:\Users\AnupamSingh\.m2\repository\com\google\j2objc\j2objc-annotations\1.1\j2objc-annotations-1.1.jar;C:\Users\AnupamSingh\.m2\repository\org\codehaus\mojo\animal-sniffer-annotations\1.14\animal-sniffer-annotations-1.14.jar;C:\Users\AnupamSingh\.m2\repository\com\squareup\okhttp3\okhttp\3.11.0\okhttp-3.11.0.jar;C:\Users\AnupamSingh\.m2\repository\com\squareup\okio\okio\1.14.0\okio-1.14.0.jar;C:\Users\AnupamSingh\.m2\repository\org\seleniumhq\selenium\selenium-chrome-driver\3.141.59\selenium-chrome-driver-3.141.59.jar;C:\Users\AnupamSingh\.m2\repository\org\apache\logging\log4j\log4j-api\2.11.0\log4j-api-2.11.0.jar;C:\Users\AnupamSingh\.m2\repository\org\apache\logging\log4j\log4j-core\2.11.0\log4j-core-2.11.0.jar;"/>
    <property name="sun.cpu.endian" value="little"/>
    <property name="user.home" value="C:\Users\AnupamSingh"/>
    <property name="user.language" value="en"/>
    <property name="java.specification.vendor" value="Oracle Corporation"/>
    <property name="java.version.date" value="2021-01-19"/>
    <property name="java.home" value="C:\Users\AnupamSingh\.p2\pool\plugins\org.eclipse.justj.openjdk.hotspot.jre.full.win32.x86_64_15.0.2.v20210201-0955\jre"/>
    <property name="file.separator" value="\"/>
    <property name="basedir" value="C:\Users\AnupamSingh\eclipse-workspace\CucumberJava"/>
    <property name="java.vm.compressedOopsMode" value="Zero based"/>
    <property name="line.separator" value="&#10;"/>
    <property name="java.vm.specification.vendor" value="Oracle Corporation"/>
    <property name="java.specification.name" value="Java Platform API Specification"/>
    <property name="surefire.real.class.path" value="C:\Users\AnupamSingh\AppData\Local\Temp\surefire6786073521745949518\surefirebooter16892031909207686491.jar"/>
    <property name="user.script" value=""/>
    <property name="sun.management.compiler" value="HotSpot 64-Bit Tiered Compilers"/>
    <property name="java.runtime.version" value="15.0.2+7-27"/>
    <property name="user.name" value="AnupamSingh"/>
    <property name="path.separator" value=";"/>
    <property name="os.version" value="10.0"/>
    <property name="java.runtime.name" value="OpenJDK Runtime Environment"/>
    <property name="file.encoding" value="Cp1252"/>
    <property name="java.vm.name" value="OpenJDK 64-Bit Server VM"/>
    <property name="localRepository" value="C:\Users\AnupamSingh\.m2\repository"/>
    <property name="cucumber.options" value="--plugin io.qameta.allure.cucumber4jvm.AllureCucumber4Jvm"/>
    <property name="java.vendor.url.bug" value="https://bugreport.java.com/bugreport/"/>
    <property name="java.io.tmpdir" value="C:\Users\ANUPAM~1\AppData\Local\Temp\"/>
    <property name="java.version" value="15.0.2"/>
    <property name="user.dir" value="C:\Users\AnupamSingh\eclipse-workspace\CucumberJava"/>
    <property name="os.arch" value="amd64"/>
    <property name="java.vm.specification.name" value="Java Virtual Machine Specification"/>
    <property name="sun.os.patch.level" value=""/>
    <property name="java.library.path" value="C:\Users\AnupamSingh\.p2\pool\plugins\org.eclipse.justj.openjdk.hotspot.jre.full.win32.x86_64_15.0.2.v20210201-0955\jre\bin;C:\WINDOWS\Sun\Java\bin;C:\WINDOWS\system32;C:\WINDOWS;C:/Users/AnupamSingh/.p2/pool/plugins/org.eclipse.justj.openjdk.hotspot.jre.full.win32.x86_64_15.0.2.v20210201-0955/jre/bin/server;C:/Users/AnupamSingh/.p2/pool/plugins/org.eclipse.justj.openjdk.hotspot.jre.full.win32.x86_64_15.0.2.v20210201-0955/jre/bin;C:\Program Files\Microsoft MPI\Bin\;C:\WINDOWS\system32;C:\WINDOWS;C:\WINDOWS\System32\Wbem;C:\WINDOWS\System32\WindowsPowerShell\v1.0\;C:\WINDOWS\System32\OpenSSH\;C:\apache-maven-3.6.3\bin;C:\Java\jdk1.8.0_271\bin;C:\Program Files (x86)\Microsoft SQL Server\150\DTS\Binn\;C:\Program Files\Azure Data Studio\bin;C:\Program Files\Microsoft SQL Server\Client SDK\ODBC\170\Tools\Binn\;C:\Program Files (x86)\Microsoft SQL Server\150\Tools\Binn\;C:\Program Files\Microsoft SQL Server\150\Tools\Binn\;C:\Program Files\Microsoft SQL Server\150\DTS\Binn\;C:\Users\AnupamSingh\scoop\shims;C:\Users\AnupamSingh\AppData\Local\Microsoft\WindowsApps;;C:\Program Files\Azure Data Studio\bin;C:\Users\AnupamSingh\OneDrive - Binmile Technologies Pvt Ltd\Desktop;;."/>
    <property name="java.vm.info" value="mixed mode"/>
    <property name="java.vendor" value="Oracle Corporation"/>
    <property name="java.vm.version" value="15.0.2+7-27"/>
    <property name="sun.io.unicode.encoding" value="UnicodeLittle"/>
    <property name="java.class.version" value="59.0"/>
  </properties>
  <testcase name="runScenario[&quot;As a new user I should be able to create a new account, logout from app then login again&quot;, &quot;As a new user I should be able to create a new account and place an order&quot;](1)" classname="testRunner.TestRunner" time="30.202">
    <system-out><![CDATA[02:00:30.969 [main] DEBUG stepDefinitions.PlaceOrderSteps - I go to Sign In page
02:00:34.306 [main] DEBUG stepDefinitions.PlaceOrderSteps - I click on Sign In button and wait for Authentication page to load
02:00:34.380 [main] DEBUG stepDefinitions.PlaceOrderSteps - I should see Authentication Page
02:00:34.431 [main] DEBUG stepDefinitions.PlaceOrderSteps - I should see Create an Account segment
02:00:34.678 [main] DEBUG stepDefinitions.PlaceOrderSteps - I enter my email address
02:00:34.790 [main] DEBUG stepDefinitions.PlaceOrderSteps - I click on Create an Account button
02:00:37.442 [main] DEBUG stepDefinitions.PlaceOrderSteps - I should see Create an Account form page
02:00:41.884 [main] DEBUG stepDefinitions.PlaceOrderSteps - I fill all the required details and submit it
02:00:41.918 [main] DEBUG stepDefinitions.PlaceOrderSteps - I should see My Account page
02:00:41.947 [main] DEBUG stepDefinitions.PlaceOrderSteps - I should see that my correct name is displayed as Anupam Singh
02:00:44.839 [main] DEBUG stepDefinitions.PlaceOrderSteps - I click on Sign out button
02:00:44.871 [main] DEBUG stepDefinitions.PlaceOrderSteps - I should see Authentication Page
02:00:44.914 [main] DEBUG stepDefinitions.PlaceOrderSteps - I should see Already Registered segment
02:00:45.359 [main] DEBUG stepDefinitions.PlaceOrderSteps - I enter my registered email address and password
02:00:47.345 [main] DEBUG stepDefinitions.PlaceOrderSteps - I click on Sign In button
02:00:47.394 [main] DEBUG stepDefinitions.PlaceOrderSteps - I should see My Account page
02:00:47.434 [main] DEBUG stepDefinitions.PlaceOrderSteps - I should see that my correct name is displayed as Anupam Singh
]]></system-out>
    <system-err><![CDATA[SLF4J: Failed to load class "org.slf4j.impl.StaticLoggerBinder".
SLF4J: Defaulting to no-operation (NOP) logger implementation
SLF4J: See http://www.slf4j.org/codes.html#StaticLoggerBinder for further details.
Starting ChromeDriver 91.0.4472.101 (af52a90bf87030dd1523486a1cd3ae25c5d76c9b-refs/branch-heads/4472@{#1462}) on port 16801
Only local connections are allowed.
Please see https://chromedriver.chromium.org/security-considerations for suggestions on keeping ChromeDriver safe.
ChromeDriver was started successfully.
Jun 23, 2021 2:00:20 AM org.openqa.selenium.remote.ProtocolHandshake createSession
INFO: Detected dialect: W3C
]]></system-err>
  </testcase>
  <testcase name="runScenario[&quot;As a user I should be able to add a product to cart and proceed to make payment&quot;, &quot;As a new user I should be able to create a new account and place an order&quot;](2)" classname="testRunner.TestRunner" time="45.927">
    <system-out><![CDATA[02:00:59.434 [main] DEBUG stepDefinitions.PlaceOrderSteps - I go to Sign In page
02:01:02.313 [main] DEBUG stepDefinitions.PlaceOrderSteps - I click on Sign In button and wait for Authentication page to load
02:01:02.368 [main] DEBUG stepDefinitions.PlaceOrderSteps - I should see Authentication Page
02:01:02.410 [main] DEBUG stepDefinitions.PlaceOrderSteps - I should see Already Registered segment
02:01:02.804 [main] DEBUG stepDefinitions.PlaceOrderSteps - I enter my registered email address and password
02:01:05.146 [main] DEBUG stepDefinitions.PlaceOrderSteps - I click on Sign In button
02:01:05.201 [main] DEBUG stepDefinitions.PlaceOrderSteps - I should see My Account page
02:01:05.240 [main] DEBUG stepDefinitions.PlaceOrderSteps - I should see that my correct name is displayed as Anupam Singh
02:01:07.832 [main] DEBUG stepDefinitions.PlaceOrderSteps - I search the productFaded Short Sleeve T-shirts in search bar
02:01:07.867 [main] DEBUG stepDefinitions.PlaceOrderSteps - I should see the Product Listing page
02:01:07.897 [main] DEBUG stepDefinitions.PlaceOrderSteps - I should see the searched product Faded Short Sleeve T-shirts
02:01:08.055 [main] DEBUG stepDefinitions.PlaceOrderSteps - I should change the view to list view
02:01:08.100 [main] DEBUG stepDefinitions.PlaceOrderSteps - I verify that the product Faded Short Sleeve T-shirts is in stock
02:01:16.542 [main] DEBUG stepDefinitions.PlaceOrderSteps - I add the product to cart with given specifications and Proceed to checkout
02:01:16.615 [main] DEBUG stepDefinitions.PlaceOrderSteps - I should see the Product Summary page
$16.51.......................................
02:01:19.552 [main] DEBUG stepDefinitions.PlaceOrderSteps - I verify all the product details and Proceed to checkout
02:01:19.604 [main] DEBUG stepDefinitions.PlaceOrderSteps - I should see PO Address page
02:01:21.750 [main] DEBUG stepDefinitions.PlaceOrderSteps - I verify my address details and Proceed to checkout
02:01:21.811 [main] DEBUG stepDefinitions.PlaceOrderSteps - I should see PO Shipping page
02:01:23.685 [main] DEBUG stepDefinitions.PlaceOrderSteps - I agree to Terms and Conditions and Proceed to checkout
02:01:23.737 [main] DEBUG stepDefinitions.PlaceOrderSteps - I should see Payments page
02:01:23.795 [main] DEBUG stepDefinitions.PlaceOrderSteps - I verify various payment methods
02:01:25.787 [main] DEBUG stepDefinitions.PlaceOrderSteps - I choose Pay by bank wire payment method
02:01:28.619 [main] DEBUG stepDefinitions.PlaceOrderSteps - I confirm my order after verifying total amount as $18.51
02:01:29.018 [main] DEBUG stepDefinitions.PlaceOrderSteps - I should see that my order is complete
02:01:33.396 [main] DEBUG stepDefinitions.PlaceOrderSteps - I sign out from Payments page
]]></system-out>
    <system-err><![CDATA[Starting ChromeDriver 91.0.4472.101 (af52a90bf87030dd1523486a1cd3ae25c5d76c9b-refs/branch-heads/4472@{#1462}) on port 7384
Only local connections are allowed.
Please see https://chromedriver.chromium.org/security-considerations for suggestions on keeping ChromeDriver safe.
ChromeDriver was started successfully.
Jun 23, 2021 2:00:49 AM org.openqa.selenium.remote.ProtocolHandshake createSession
INFO: Detected dialect: W3C
]]></system-err>
  </testcase>
</testsuite>